<?xml version="1.0" encoding="UTF-8"?>
<!-- Generated by org.testng.reporters.JUnitReportReporter -->
<testsuite skipped="0" hostname="DESKTOP-RT69OL1" name="com.inetbanking.Testcase.LoginTestCase_01" tests="1" failures="0" timestamp="18 May 2020 20:07:21 GMT" time="21.461" errors="0">
  <testcase name="loginTest" time="21.461" classname="com.inetbanking.Testcase.LoginTestCase_01"/>
</testsuite> <!-- com.inetbanking.Testcase.LoginTestCase_01 -->
