<?xml version="1.0" encoding="UTF-8"?>
<!-- Generated by org.testng.reporters.JUnitReportReporter -->
<testsuite skipped="0" hostname="DESKTOP-RT69OL1" name="com.inetbanking.Testcase.TC_AddCustomerTest_003" tests="1" failures="0" timestamp="26 May 2020 07:55:37 GMT" time="42.129" errors="0">
  <testcase name="addNewCustomer" time="42.129" classname="com.inetbanking.Testcase.TC_AddCustomerTest_003"/>
</testsuite> <!-- com.inetbanking.Testcase.TC_AddCustomerTest_003 -->
